#
# A fatal error has been detected by the Java Runtime Environment:
#
#  EXCEPTION_ACCESS_VIOLATION (0xc0000005) at pc=0x00007ffbc9fbbdf6, pid=4736, tid=17632
#
# JRE version: OpenJDK Runtime Environment Corretto-11.0.21.9.1 (11.0.21+9) (build 11.0.21+9-LTS)
# Java VM: OpenJDK 64-Bit Server VM Corretto-11.0.21.9.1 (11.0.21+9-LTS, mixed mode, tiered, compressed oops, g1 gc, windows-amd64)
# Problematic frame:
# C  [glass.dll+0x1bdf6]
#
# No core dump will be written. Minidumps are not enabled by default on client versions of Windows
#
# If you would like to submit a bug report, please visit:
#   https://github.com/corretto/corretto-11/issues/
# The crash happened outside the Java Virtual Machine in native code.
# See problematic frame for where to report the bug.
#

---------------  S U M M A R Y ------------

Command Line: -javaagent:C:\Users\reygu\OneDrive\Escritorio\UNIVERSIDAD POLITECNICA DE CHIAPAS\2DO CUATRIMESTRE\Programacion orientada a objetos\Corte 1\IntelliJ IDEA 2023.3.2\lib\idea_rt.jar=63838:C:\Users\reygu\OneDrive\Escritorio\UNIVERSIDAD POLITECNICA DE CHIAPAS\2DO CUATRIMESTRE\Programacion orientada a objetos\Corte 1\IntelliJ IDEA 2023.3.2\bin -Dfile.encoding=UTF-8 --module-path=C:\Users\reygu\Downloads\appJavaFx-main\target\classes;C:\Users\reygu\.m2\repository\com\gluonhq\charm-glisten\6.2.3\charm-glisten-6.2.3.jar;C:\Users\reygu\.m2\repository\org\openjfx\javafx-base\17.0.6\javafx-base-17.0.6-win.jar;C:\Users\reygu\.m2\repository\com\gluonhq\attach\lifecycle\4.0.19\lifecycle-4.0.19.jar;C:\Users\reygu\.m2\repository\org\openjfx\javafx-graphics\17.0.6\javafx-graphics-17.0.6-win.jar;C:\Users\reygu\.m2\repository\com\gluonhq\attach\display\4.0.19\display-4.0.19.jar;C:\Users\reygu\.m2\repository\org\openjfx\javafx-fxml\17.0.6\javafx-fxml-17.0.6-win.jar;C:\Users\reygu\.m2\repository\org\openjfx\javafx-controls\17.0.6\javafx-controls-17.0.6-win.jar;C:\Users\reygu\.m2\repository\com\gluonhq\attach\util\4.0.19\util-4.0.19.jar;C:\Users\reygu\.m2\repository\org\kordamp\bootstrapfx\bootstrapfx-core\0.4.0\bootstrapfx-core-0.4.0.jar -Djdk.module.main=com.david.application com.david.application/com.david.application.App

Host: Intel(R) Core(TM) i5-10210U CPU @ 1.60GHz, 8 cores, 7G,  Windows 10 , 64 bit Build 19041 (10.0.19041.3155)
Time: Wed Feb 28 21:39:14 2024 Hora estándar central (México) elapsed time: 10.667269 seconds (0d 0h 0m 10s)

---------------  T H R E A D  ---------------

Current thread (0x0000019d70ec1000):  JavaThread "JavaFX Application Thread" [_thread_in_native, id=17632, stack(0x0000009ce6300000,0x0000009ce6400000)]

Stack: [0x0000009ce6300000,0x0000009ce6400000],  sp=0x0000009ce63fc130,  free space=1008k
Native frames: (J=compiled Java code, j=interpreted, Vv=VM code, C=native code)
C  [glass.dll+0x1bdf6]

Java frames: (J=compiled Java code, j=interpreted, Vv=VM code)
j  com.sun.glass.ui.win.WinWindow._close(J)Z+0 javafx.graphics
j  com.sun.glass.ui.Window.close()V+63 javafx.graphics
j  com.sun.glass.ui.win.WinWindow.close()V+8 javafx.graphics
j  com.sun.glass.ui.Application.terminate()V+75 javafx.graphics
j  com.sun.javafx.tk.quantum.QuantumToolkit.lambda$exit$13()Ljava/lang/Object;+5 javafx.graphics
j  com.sun.javafx.tk.quantum.QuantumToolkit$$Lambda$446.get()Ljava/lang/Object;+0 javafx.graphics
j  com.sun.javafx.tk.quantum.QuantumToolkit.runWithRenderLock(Ljava/util/function/Supplier;)Ljava/lang/Object;+7 javafx.graphics
j  com.sun.javafx.tk.quantum.QuantumToolkit.exit()V+26 javafx.graphics
j  com.sun.javafx.application.PlatformImpl.lambda$tkExit$16()V+3 javafx.graphics
j  com.sun.javafx.application.PlatformImpl$$Lambda$445.run()V+0 javafx.graphics
j  com.sun.javafx.application.PlatformImpl.lambda$runAndWait$12(Ljava/lang/Runnable;Ljava/util/concurrent/CountDownLatch;)V+1 javafx.graphics
j  com.sun.javafx.application.PlatformImpl$$Lambda$87.run()V+8 javafx.graphics
j  com.sun.javafx.application.PlatformImpl.lambda$runLater$10(Ljava/lang/Runnable;)Ljava/lang/Void;+1 javafx.graphics
j  com.sun.javafx.application.PlatformImpl$$Lambda$89.run()Ljava/lang/Object;+4 javafx.graphics
v  ~StubRoutines::call_stub
J 2465  java.security.AccessController.doPrivileged(Ljava/security/PrivilegedAction;Ljava/security/AccessControlContext;)Ljava/lang/Object; java.base@11.0.21 (0 bytes) @ 0x0000019d608166a6 [0x0000019d60816640+0x0000000000000066]
j  com.sun.javafx.application.PlatformImpl.lambda$runLater$11(Ljava/lang/Runnable;Ljava/security/AccessControlContext;)V+7 javafx.graphics
j  com.sun.javafx.application.PlatformImpl$$Lambda$88.run()V+8 javafx.graphics
j  com.sun.glass.ui.InvokeLaterDispatcher$Future.run()V+4 javafx.graphics
v  ~StubRoutines::call_stub
j  com.sun.glass.ui.win.WinApplication._runLoop(Ljava/lang/Runnable;)V+0 javafx.graphics
j  com.sun.glass.ui.win.WinApplication.lambda$runLoop$3(ILjava/lang/Runnable;)V+8 javafx.graphics
j  com.sun.glass.ui.win.WinApplication$$Lambda$77.run()V+12 javafx.graphics
j  java.lang.Thread.run()V+11 java.base@11.0.21
v  ~StubRoutines::call_stub

siginfo: EXCEPTION_ACCESS_VIOLATION (0xc0000005), reading address 0x0000000000000130


Register to memory mapping:

RIP=0x00007ffbc9fbbdf6 glass.dll
RAX=0x0 is NULL
RBX=0x0 is NULL
RCX=0x0 is NULL
RDX=0x0 is NULL
RSP=0x0000009ce63fc130 is pointing into the stack for thread: 0x0000019d70ec1000
RBP=0x0 is NULL
RSI=0x0000000000000401 is an unknown value
RDI=0x0000009ce63fc490 is pointing into the stack for thread: 0x0000019d70ec1000
R8 =0x0000009ce63fc490 is pointing into the stack for thread: 0x0000019d70ec1000
R9 =0x0 is NULL
R10=0x0 is NULL
R11=0x0000000000000246 is an unknown value
R12=0x0 is NULL
R13=0x0000000000000401 is an unknown value
R14=0x0 is NULL
R15=0x0 is NULL


Registers:
RAX=0x0000000000000000, RBX=0x0000000000000000, RCX=0x0000000000000000, RDX=0x0000000000000000
RSP=0x0000009ce63fc130, RBP=0x0000000000000000, RSI=0x0000000000000401, RDI=0x0000009ce63fc490
R8 =0x0000009ce63fc490, R9 =0x0000000000000000, R10=0x0000000000000000, R11=0x0000000000000246
R12=0x0000000000000000, R13=0x0000000000000401, R14=0x0000000000000000, R15=0x0000000000000000
RIP=0x00007ffbc9fbbdf6, EFLAGS=0x0000000000010206

Top of Stack: (sp=0x0000009ce63fc130)
0x0000009ce63fc130:   0000000000000578 0000009ce63fc140
0x0000009ce63fc140:   0000000000180016 00007ffbc9fc75c0
0x0000009ce63fc150:   0000009ce63fc490 00007ffbc9fba871
0x0000009ce63fc160:   0000009ce63fc490 0000000000000401
0x0000009ce63fc170:   00007ffbc9fc75c0 0000019d4f1bd530
0x0000009ce63fc180:   0000019d7120d4d0 00007ffbc9faa395
0x0000009ce63fc190:   0000009ce63fc490 00007ffb93b4a401
0x0000009ce63fc1a0:   00007ffb93e2c0a6 0000019d6fae8b78
0x0000009ce63fc1b0:   0000000000000000 00007ffbc9fa17bb
0x0000009ce63fc1c0:   0000019d7120d4d0 0000009ce63fc490
0x0000009ce63fc1d0:   0000000000000401 00000000013c0560
0x0000009ce63fc1e0:   0000000000000000 00007ffbdaf0e858
0x0000009ce63fc1f0:   0000000000000001 0000009ce63fc3e0
0x0000009ce63fc200:   0000000000000000 0000000080000022
0x0000009ce63fc210:   0000019d707ea3b0 00007ffb93b4a0b9
0x0000009ce63fc220:   0000019d7144c498 0000019d70ec1000 

Instructions: (pc=0x00007ffbc9fbbdf6)
0x00007ffbc9fbbcf6:   85 c0 74 08 48 8b c8 e8 ee 00 00 00 48 c7 05 23
0x00007ffbc9fbbd06:   e1 01 00 00 00 00 00 48 83 c4 28 c3 cc cc cc cc
0x00007ffbc9fbbd16:   cc cc cc cc cc cc cc cc cc cc 48 89 5c 24 08 57
0x00007ffbc9fbbd26:   48 83 ec 30 48 8b fa 48 8b d9 48 39 91 30 01 00
0x00007ffbc9fbbd36:   00 0f 84 a5 00 00 00 e8 ae 00 00 00 48 8b 93 30
0x00007ffbc9fbbd46:   01 00 00 48 85 d2 75 04 48 8b 53 08 48 89 54 24
0x00007ffbc9fbbd56:   20 4c 8b c7 48 85 ff 75 04 4c 8b 43 08 48 8d 0d
0x00007ffbc9fbbd66:   a6 e2 00 00 4c 89 44 24 28 e8 bc 78 fe ff 48 8b
0x00007ffbc9fbbd76:   4c 24 20 4c 8d 44 24 20 48 8d 15 db f7 ff ff ff
0x00007ffbc9fbbd86:   15 05 da 01 00 48 8b 05 6e dd 01 00 48 85 c0 75
0x00007ffbc9fbbd96:   04 33 c9 eb 03 8b 48 40 4c 8d 44 24 20 48 8d 15
0x00007ffbc9fbbda6:   f6 f7 ff ff ff 15 e8 d9 01 00 48 89 bb 30 01 00
0x00007ffbc9fbbdb6:   00 e8 54 38 00 00 4c 8b 05 ed e0 01 00 48 8b c8
0x00007ffbc9fbbdc6:   48 8b 93 c0 00 00 00 4c 8b cf e8 db 92 fe ff e8
0x00007ffbc9fbbdd6:   36 38 00 00 48 8b c8 e8 4e 37 00 00 48 8b 5c 24
0x00007ffbc9fbbde6:   40 48 83 c4 30 5f c3 cc cc cc 40 57 48 83 ec 20
0x00007ffbc9fbbdf6:   48 8b 81 30 01 00 00 48 8b f9 48 85 c0 75 04 48
0x00007ffbc9fbbe06:   8b 41 08 48 3b 05 20 e0 01 00 75 3b 48 89 5c 24
0x00007ffbc9fbbe16:   30 e8 f4 37 00 00 4c 8b 05 7d e0 01 00 48 8b c8
0x00007ffbc9fbbe26:   48 8b 97 c0 00 00 00 48 8b d8 e8 7b 92 fe ff 48
0x00007ffbc9fbbe36:   8b cb e8 f3 36 00 00 48 8b 5c 24 30 48 c7 05 e3
0x00007ffbc9fbbe46:   df 01 00 00 00 00 00 48 83 c4 20 5f c3 cc cc cc
0x00007ffbc9fbbe56:   cc cc cc cc cc cc cc cc cc cc 40 53 48 83 ec 50
0x00007ffbc9fbbe66:   48 8b 05 5b b3 01 00 48 33 c4 48 89 44 24 40 48
0x00007ffbc9fbbe76:   8b d9 48 8b 49 08 ff 15 86 d8 01 00 85 c0 0f 85
0x00007ffbc9fbbe86:   1b 01 00 00 48 8b 4b 08 48 8d 54 24 30 ff 15 af
0x00007ffbc9fbbe96:   d6 01 00 48 8b 4b 08 48 8d 54 24 20 ff 15 08 d7
0x00007ffbc9fbbea6:   01 00 48 8b 4b 08 4c 8d 44 24 20 41 b9 02 00 00
0x00007ffbc9fbbeb6:   00 33 d2 ff 15 f9 d6 01 00 8b 44 24 24 2b 44 24
0x00007ffbc9fbbec6:   34 44 8b 44 24 20 44 2b 44 24 30 8b 54 24 3c 2b
0x00007ffbc9fbbed6:   54 24 2c 8b 4c 24 38 2b 4c 24 28 89 83 1c 01 00
0x00007ffbc9fbbee6:   00 44 89 83 18 01 00 00 89 93 24 01 00 00 89 8b 


Stack slot to memory mapping:
stack at sp + 0 slots: 0x0000000000000578 is an unknown value
stack at sp + 1 slots: 0x0000009ce63fc140 is pointing into the stack for thread: 0x0000019d70ec1000
stack at sp + 2 slots: 0x0000000000180016 is an unknown value
stack at sp + 3 slots: 0x00007ffbc9fc75c0 glass.dll
stack at sp + 4 slots: 0x0000009ce63fc490 is pointing into the stack for thread: 0x0000019d70ec1000
stack at sp + 5 slots: 0x00007ffbc9fba871 glass.dll
stack at sp + 6 slots: 0x0000009ce63fc490 is pointing into the stack for thread: 0x0000019d70ec1000
stack at sp + 7 slots: 0x0000000000000401 is an unknown value


---------------  P R O C E S S  ---------------

Threads class SMR info:
_java_thread_list=0x0000019d7bef1590, length=18, elements={
0x0000019d4ecb0800, 0x0000019d6fc11000, 0x0000019d6fc12800, 0x0000019d6fc1a000,
0x0000019d6fc1b800, 0x0000019d6fc20000, 0x0000019d705a3800, 0x0000019d705a6000,
0x0000019d6fc2a800, 0x0000019d6fb98000, 0x0000019d70a4e000, 0x0000019d71021000,
0x0000019d716ca800, 0x0000019d70ec1000, 0x0000019d71846000, 0x0000019d71847000,
0x0000019d718cc000, 0x0000019d71673800
}

Java Threads: ( => current thread )
  0x0000019d4ecb0800 JavaThread "main" [_thread_blocked, id=10016, stack(0x0000009ce4d00000,0x0000009ce4e00000)]
  0x0000019d6fc11000 JavaThread "Reference Handler" daemon [_thread_blocked, id=15284, stack(0x0000009ce5400000,0x0000009ce5500000)]
  0x0000019d6fc12800 JavaThread "Finalizer" daemon [_thread_blocked, id=144, stack(0x0000009ce5500000,0x0000009ce5600000)]
  0x0000019d6fc1a000 JavaThread "Signal Dispatcher" daemon [_thread_blocked, id=15232, stack(0x0000009ce5600000,0x0000009ce5700000)]
  0x0000019d6fc1b800 JavaThread "Attach Listener" daemon [_thread_blocked, id=14944, stack(0x0000009ce5700000,0x0000009ce5800000)]
  0x0000019d6fc20000 JavaThread "Service Thread" daemon [_thread_blocked, id=8964, stack(0x0000009ce5800000,0x0000009ce5900000)]
  0x0000019d705a3800 JavaThread "C2 CompilerThread0" daemon [_thread_blocked, id=11272, stack(0x0000009ce5900000,0x0000009ce5a00000)]
  0x0000019d705a6000 JavaThread "C1 CompilerThread0" daemon [_thread_blocked, id=1896, stack(0x0000009ce5a00000,0x0000009ce5b00000)]
  0x0000019d6fc2a800 JavaThread "Sweeper thread" daemon [_thread_blocked, id=4900, stack(0x0000009ce5b00000,0x0000009ce5c00000)]
  0x0000019d6fb98000 JavaThread "Common-Cleaner" daemon [_thread_blocked, id=13764, stack(0x0000009ce5c00000,0x0000009ce5d00000)]
  0x0000019d70a4e000 JavaThread "Monitor Ctrl-Break" daemon [_thread_in_native, id=8504, stack(0x0000009ce5f00000,0x0000009ce6000000)]
  0x0000019d71021000 JavaThread "QuantumRenderer-0" daemon [_thread_blocked, id=10500, stack(0x0000009ce6100000,0x0000009ce6200000)]
  0x0000019d716ca800 JavaThread "InvokeLaterDispatcher" daemon [_thread_blocked, id=15604, stack(0x0000009ce6200000,0x0000009ce6300000)]
=>0x0000019d70ec1000 JavaThread "JavaFX Application Thread" [_thread_in_native, id=17632, stack(0x0000009ce6300000,0x0000009ce6400000)]
  0x0000019d71846000 JavaThread "Thread-1" daemon [_thread_in_native, id=15436, stack(0x0000009ce5e00000,0x0000009ce5f00000)]
  0x0000019d71847000 JavaThread "JavaFX-Launcher" [_thread_blocked, id=17124, stack(0x0000009ce6700000,0x0000009ce6800000)]
  0x0000019d718cc000 JavaThread "Prism Font Disposer" daemon [_thread_blocked, id=12108, stack(0x0000009ce6d00000,0x0000009ce6e00000)]
  0x0000019d71673800 JavaThread "Cleaner-0" daemon [_thread_blocked, id=17052, stack(0x0000009ce7100000,0x0000009ce7200000)]

Other Threads:
  0x0000019d6fbdc000 VMThread "VM Thread" [stack: 0x0000009ce5300000,0x0000009ce5400000] [id=4348]
  0x0000019d7115e800 WatcherThread [stack: 0x0000009ce6000000,0x0000009ce6100000] [id=6420]
  0x0000019d4ecc8800 GCTaskThread "GC Thread#0" [stack: 0x0000009ce4e00000,0x0000009ce4f00000] [id=13064]
  0x0000019d7162e000 GCTaskThread "GC Thread#1" [stack: 0x0000009ce6800000,0x0000009ce6900000] [id=5944]
  0x0000019d71369800 GCTaskThread "GC Thread#2" [stack: 0x0000009ce6900000,0x0000009ce6a00000] [id=17236]
  0x0000019d7136b000 GCTaskThread "GC Thread#3" [stack: 0x0000009ce6a00000,0x0000009ce6b00000] [id=4224]
  0x0000019d7127e000 GCTaskThread "GC Thread#4" [stack: 0x0000009ce6b00000,0x0000009ce6c00000] [id=2680]
  0x0000019d7127f800 GCTaskThread "GC Thread#5" [stack: 0x0000009ce6c00000,0x0000009ce6d00000] [id=9776]
  0x0000019d4ecfa800 ConcurrentGCThread "G1 Main Marker" [stack: 0x0000009ce4f00000,0x0000009ce5000000] [id=12840]
  0x0000019d4ecfe800 ConcurrentGCThread "G1 Conc#0" [stack: 0x0000009ce5000000,0x0000009ce5100000] [id=2924]
  0x0000019d717bb800 ConcurrentGCThread "G1 Conc#1" [stack: 0x0000009ce7200000,0x0000009ce7300000] [id=17896]
  0x0000019d4ed8e000 ConcurrentGCThread "G1 Refine#0" [stack: 0x0000009ce5100000,0x0000009ce5200000] [id=10424]
  0x0000019d6fa44800 ConcurrentGCThread "G1 Young RemSet Sampling" [stack: 0x0000009ce5200000,0x0000009ce5300000] [id=2228]

Threads with active compile tasks:

VM state:not at safepoint (normal execution)

VM Mutex/Monitor currently owned by a thread: None

Heap address: 0x0000000082800000, size: 2008 MB, Compressed Oops mode: 32-bit
Narrow klass base: 0x0000000000000000, Narrow klass shift: 3
Compressed class space size: 1073741824 Address: 0x0000000100000000

Heap:
 garbage-first heap   total 129024K, used 46016K [0x0000000082800000, 0x0000000100000000)
  region size 1024K, 36 young (36864K), 9 survivors (9216K)
 Metaspace       used 25837K, capacity 26754K, committed 27056K, reserved 1073152K
  class space    used 3165K, capacity 3522K, committed 3584K, reserved 1048576K
Heap Regions: E=young(eden), S=young(survivor), O=old, HS=humongous(starts), HC=humongous(continues), CS=collection set, F=free, A=archive, TAMS=top-at-mark-start (previous, next)
|   0|0x0000000082800000, 0x000000008282d800, 0x0000000082900000| 17%| O|  |TAMS 0x000000008282d800, 0x0000000082800000| Untracked 
|   1|0x0000000082900000, 0x0000000082a00000, 0x0000000082a00000|100%|HS|  |TAMS 0x0000000082a00000, 0x0000000082900000| Complete 
|   2|0x0000000082a00000, 0x0000000082b00000, 0x0000000082b00000|100%|HC|  |TAMS 0x0000000082b00000, 0x0000000082a00000| Complete 
|   3|0x0000000082b00000, 0x0000000082c00000, 0x0000000082c00000|100%|HS|  |TAMS 0x0000000082c00000, 0x0000000082b00000| Complete 
|   4|0x0000000082c00000, 0x0000000082d00000, 0x0000000082d00000|100%|HS|  |TAMS 0x0000000082d00000, 0x0000000082c00000| Complete 
|   5|0x0000000082d00000, 0x0000000082e00000, 0x0000000082e00000|100%|HS|  |TAMS 0x0000000082d00000, 0x0000000082d00000| Complete 
|   6|0x0000000082e00000, 0x0000000082f00000, 0x0000000082f00000|100%|HC|  |TAMS 0x0000000082e00000, 0x0000000082e00000| Complete 
|   7|0x0000000082f00000, 0x0000000083000000, 0x0000000083000000|100%|HS|  |TAMS 0x0000000082f00000, 0x0000000082f00000| Complete 
|   8|0x0000000083000000, 0x0000000083100000, 0x0000000083100000|100%|HS|  |TAMS 0x0000000083000000, 0x0000000083000000| Complete 
|   9|0x0000000083100000, 0x0000000083200000, 0x0000000083200000|100%|HC|  |TAMS 0x0000000083100000, 0x0000000083100000| Complete 
|  10|0x0000000083200000, 0x0000000083300000, 0x0000000083300000|100%|HS|  |TAMS 0x0000000083200000, 0x0000000083200000| Complete 
|  11|0x0000000083300000, 0x0000000083400000, 0x0000000083400000|100%|HS|  |TAMS 0x0000000083300000, 0x0000000083300000| Complete 
|  12|0x0000000083400000, 0x0000000083400000, 0x0000000083500000|  0%| F|  |TAMS 0x0000000083400000, 0x0000000083400000| Untracked 
|  13|0x0000000083500000, 0x0000000083500000, 0x0000000083600000|  0%| F|  |TAMS 0x0000000083500000, 0x0000000083500000| Untracked 
|  14|0x0000000083600000, 0x0000000083600000, 0x0000000083700000|  0%| F|  |TAMS 0x0000000083600000, 0x0000000083600000| Untracked 
|  15|0x0000000083700000, 0x0000000083700000, 0x0000000083800000|  0%| F|  |TAMS 0x0000000083700000, 0x0000000083700000| Untracked 
|  16|0x0000000083800000, 0x0000000083800000, 0x0000000083900000|  0%| F|  |TAMS 0x0000000083800000, 0x0000000083800000| Untracked 
|  17|0x0000000083900000, 0x0000000083900000, 0x0000000083a00000|  0%| F|  |TAMS 0x0000000083900000, 0x0000000083900000| Untracked 
|  18|0x0000000083a00000, 0x0000000083a00000, 0x0000000083b00000|  0%| F|  |TAMS 0x0000000083a00000, 0x0000000083a00000| Untracked 
|  19|0x0000000083b00000, 0x0000000083b00000, 0x0000000083c00000|  0%| F|  |TAMS 0x0000000083b00000, 0x0000000083b00000| Untracked 
|  20|0x0000000083c00000, 0x0000000083c00000, 0x0000000083d00000|  0%| F|  |TAMS 0x0000000083c00000, 0x0000000083c00000| Untracked 
|  21|0x0000000083d00000, 0x0000000083d00000, 0x0000000083e00000|  0%| F|  |TAMS 0x0000000083d00000, 0x0000000083d00000| Untracked 
|  22|0x0000000083e00000, 0x0000000083e00000, 0x0000000083f00000|  0%| F|  |TAMS 0x0000000083e00000, 0x0000000083e00000| Untracked 
|  23|0x0000000083f00000, 0x0000000083f00000, 0x0000000084000000|  0%| F|  |TAMS 0x0000000083f00000, 0x0000000083f00000| Untracked 
|  24|0x0000000084000000, 0x0000000084000000, 0x0000000084100000|  0%| F|  |TAMS 0x0000000084000000, 0x0000000084000000| Untracked 
|  25|0x0000000084100000, 0x0000000084100000, 0x0000000084200000|  0%| F|  |TAMS 0x0000000084100000, 0x0000000084100000| Untracked 
|  26|0x0000000084200000, 0x0000000084200000, 0x0000000084300000|  0%| F|  |TAMS 0x0000000084200000, 0x0000000084200000| Untracked 
|  27|0x0000000084300000, 0x0000000084300000, 0x0000000084400000|  0%| F|  |TAMS 0x0000000084300000, 0x0000000084300000| Untracked 
|  28|0x0000000084400000, 0x0000000084400000, 0x0000000084500000|  0%| F|  |TAMS 0x0000000084400000, 0x0000000084400000| Untracked 
|  29|0x0000000084500000, 0x0000000084500000, 0x0000000084600000|  0%| F|  |TAMS 0x0000000084500000, 0x0000000084500000| Untracked 
|  30|0x0000000084600000, 0x0000000084600000, 0x0000000084700000|  0%| F|  |TAMS 0x0000000084600000, 0x0000000084600000| Untracked 
|  31|0x0000000084700000, 0x0000000084700000, 0x0000000084800000|  0%| F|  |TAMS 0x0000000084700000, 0x0000000084700000| Untracked 
|  32|0x0000000084800000, 0x0000000084800000, 0x0000000084900000|  0%| F|  |TAMS 0x0000000084800000, 0x0000000084800000| Untracked 
|  33|0x0000000084900000, 0x0000000084900000, 0x0000000084a00000|  0%| F|  |TAMS 0x0000000084900000, 0x0000000084900000| Untracked 
|  34|0x0000000084a00000, 0x0000000084a00000, 0x0000000084b00000|  0%| F|  |TAMS 0x0000000084a00000, 0x0000000084a00000| Untracked 
|  35|0x0000000084b00000, 0x0000000084b00000, 0x0000000084c00000|  0%| F|  |TAMS 0x0000000084b00000, 0x0000000084b00000| Untracked 
|  36|0x0000000084c00000, 0x0000000084c00000, 0x0000000084d00000|  0%| F|  |TAMS 0x0000000084c00000, 0x0000000084c00000| Untracked 
|  37|0x0000000084d00000, 0x0000000084d00000, 0x0000000084e00000|  0%| F|  |TAMS 0x0000000084d00000, 0x0000000084d00000| Untracked 
|  38|0x0000000084e00000, 0x0000000084e00000, 0x0000000084f00000|  0%| F|  |TAMS 0x0000000084e00000, 0x0000000084e00000| Untracked 
|  39|0x0000000084f00000, 0x0000000084f00000, 0x0000000085000000|  0%| F|  |TAMS 0x0000000084f00000, 0x0000000084f00000| Untracked 
|  40|0x0000000085000000, 0x0000000085000000, 0x0000000085100000|  0%| F|  |TAMS 0x0000000085000000, 0x0000000085000000| Untracked 
|  41|0x0000000085100000, 0x0000000085100000, 0x0000000085200000|  0%| F|  |TAMS 0x0000000085100000, 0x0000000085100000| Untracked 
|  42|0x0000000085200000, 0x0000000085200000, 0x0000000085300000|  0%| F|  |TAMS 0x0000000085200000, 0x0000000085200000| Untracked 
|  43|0x0000000085300000, 0x0000000085300000, 0x0000000085400000|  0%| F|  |TAMS 0x0000000085300000, 0x0000000085300000| Untracked 
|  44|0x0000000085400000, 0x0000000085400000, 0x0000000085500000|  0%| F|  |TAMS 0x0000000085400000, 0x0000000085400000| Untracked 
|  45|0x0000000085500000, 0x0000000085500000, 0x0000000085600000|  0%| F|  |TAMS 0x0000000085500000, 0x0000000085500000| Untracked 
|  46|0x0000000085600000, 0x0000000085600000, 0x0000000085700000|  0%| F|  |TAMS 0x0000000085600000, 0x0000000085600000| Untracked 
|  47|0x0000000085700000, 0x0000000085700000, 0x0000000085800000|  0%| F|  |TAMS 0x0000000085700000, 0x0000000085700000| Untracked 
|  48|0x0000000085800000, 0x0000000085800000, 0x0000000085900000|  0%| F|  |TAMS 0x0000000085800000, 0x0000000085800000| Untracked 
|  49|0x0000000085900000, 0x0000000085900000, 0x0000000085a00000|  0%| F|  |TAMS 0x0000000085900000, 0x0000000085900000| Untracked 
|  50|0x0000000085a00000, 0x0000000085a00000, 0x0000000085b00000|  0%| F|  |TAMS 0x0000000085a00000, 0x0000000085a00000| Untracked 
|  51|0x0000000085b00000, 0x0000000085b00000, 0x0000000085c00000|  0%| F|  |TAMS 0x0000000085b00000, 0x0000000085b00000| Untracked 
|  52|0x0000000085c00000, 0x0000000085c00000, 0x0000000085d00000|  0%| F|  |TAMS 0x0000000085c00000, 0x0000000085c00000| Untracked 
|  53|0x0000000085d00000, 0x0000000085d00000, 0x0000000085e00000|  0%| F|  |TAMS 0x0000000085d00000, 0x0000000085d00000| Untracked 
|  54|0x0000000085e00000, 0x0000000085e00000, 0x0000000085f00000|  0%| F|  |TAMS 0x0000000085e00000, 0x0000000085e00000| Untracked 
|  55|0x0000000085f00000, 0x0000000085f00000, 0x0000000086000000|  0%| F|  |TAMS 0x0000000085f00000, 0x0000000085f00000| Untracked 
|  56|0x0000000086000000, 0x0000000086000000, 0x0000000086100000|  0%| F|  |TAMS 0x0000000086000000, 0x0000000086000000| Untracked 
|  57|0x0000000086100000, 0x0000000086100000, 0x0000000086200000|  0%| F|  |TAMS 0x0000000086100000, 0x0000000086100000| Untracked 
|  58|0x0000000086200000, 0x0000000086200000, 0x0000000086300000|  0%| F|  |TAMS 0x0000000086200000, 0x0000000086200000| Untracked 
|  59|0x0000000086300000, 0x0000000086300000, 0x0000000086400000|  0%| F|  |TAMS 0x0000000086300000, 0x0000000086300000| Untracked 
|  60|0x0000000086400000, 0x0000000086400000, 0x0000000086500000|  0%| F|  |TAMS 0x0000000086400000, 0x0000000086400000| Untracked 
|  61|0x0000000086500000, 0x0000000086500000, 0x0000000086600000|  0%| F|  |TAMS 0x0000000086500000, 0x0000000086500000| Untracked 
|  62|0x0000000086600000, 0x0000000086600000, 0x0000000086700000|  0%| F|  |TAMS 0x0000000086600000, 0x0000000086600000| Untracked 
|  63|0x0000000086700000, 0x0000000086700000, 0x0000000086800000|  0%| F|  |TAMS 0x0000000086700000, 0x0000000086700000| Untracked 
|  64|0x0000000086800000, 0x0000000086800000, 0x0000000086900000|  0%| F|  |TAMS 0x0000000086800000, 0x0000000086800000| Untracked 
|  65|0x0000000086900000, 0x0000000086900000, 0x0000000086a00000|  0%| F|  |TAMS 0x0000000086900000, 0x0000000086900000| Untracked 
|  66|0x0000000086a00000, 0x0000000086a00000, 0x0000000086b00000|  0%| F|  |TAMS 0x0000000086a00000, 0x0000000086a00000| Untracked 
|  67|0x0000000086b00000, 0x0000000086b00000, 0x0000000086c00000|  0%| F|  |TAMS 0x0000000086b00000, 0x0000000086b00000| Untracked 
|  68|0x0000000086c00000, 0x0000000086c00000, 0x0000000086d00000|  0%| F|  |TAMS 0x0000000086c00000, 0x0000000086c00000| Untracked 
|  69|0x0000000086d00000, 0x0000000086d00000, 0x0000000086e00000|  0%| F|  |TAMS 0x0000000086d00000, 0x0000000086d00000| Untracked 
|  70|0x0000000086e00000, 0x0000000086e00000, 0x0000000086f00000|  0%| F|  |TAMS 0x0000000086e00000, 0x0000000086e00000| Untracked 
|  71|0x0000000086f00000, 0x0000000086f00000, 0x0000000087000000|  0%| F|  |TAMS 0x0000000086f00000, 0x0000000086f00000| Untracked 
|  72|0x0000000087000000, 0x0000000087000000, 0x0000000087100000|  0%| F|  |TAMS 0x0000000087000000, 0x0000000087000000| Untracked 
|  73|0x0000000087100000, 0x0000000087100000, 0x0000000087200000|  0%| F|  |TAMS 0x0000000087100000, 0x0000000087100000| Untracked 
|  74|0x0000000087200000, 0x0000000087200000, 0x0000000087300000|  0%| F|  |TAMS 0x0000000087200000, 0x0000000087200000| Untracked 
|  75|0x0000000087300000, 0x0000000087300000, 0x0000000087400000|  0%| F|  |TAMS 0x0000000087300000, 0x0000000087300000| Untracked 
|  76|0x0000000087400000, 0x0000000087400000, 0x0000000087500000|  0%| F|  |TAMS 0x0000000087400000, 0x0000000087400000| Untracked 
|  77|0x0000000087500000, 0x0000000087500000, 0x0000000087600000|  0%| F|  |TAMS 0x0000000087500000, 0x0000000087500000| Untracked 
|  78|0x0000000087600000, 0x0000000087600000, 0x0000000087700000|  0%| F|  |TAMS 0x0000000087600000, 0x0000000087600000| Untracked 
|  79|0x0000000087700000, 0x0000000087700000, 0x0000000087800000|  0%| F|  |TAMS 0x0000000087700000, 0x0000000087700000| Untracked 
|  80|0x0000000087800000, 0x0000000087800000, 0x0000000087900000|  0%| F|  |TAMS 0x0000000087800000, 0x0000000087800000| Untracked 
|  81|0x0000000087900000, 0x0000000087900000, 0x0000000087a00000|  0%| F|  |TAMS 0x0000000087900000, 0x0000000087900000| Untracked 
|  82|0x0000000087a00000, 0x0000000087a00000, 0x0000000087b00000|  0%| F|  |TAMS 0x0000000087a00000, 0x0000000087a00000| Untracked 
|  83|0x0000000087b00000, 0x0000000087b00000, 0x0000000087c00000|  0%| F|  |TAMS 0x0000000087b00000, 0x0000000087b00000| Untracked 
|  84|0x0000000087c00000, 0x0000000087c00000, 0x0000000087d00000|  0%| F|  |TAMS 0x0000000087c00000, 0x0000000087c00000| Untracked 
|  85|0x0000000087d00000, 0x0000000087d00000, 0x0000000087e00000|  0%| F|  |TAMS 0x0000000087d00000, 0x0000000087d00000| Untracked 
|  86|0x0000000087e00000, 0x0000000087ec2848, 0x0000000087f00000| 75%| S|CS|TAMS 0x0000000087e00000, 0x0000000087e00000| Complete 
|  87|0x0000000087f00000, 0x0000000088000000, 0x0000000088000000|100%| S|CS|TAMS 0x0000000087f00000, 0x0000000087f00000| Complete 
|  88|0x0000000088000000, 0x0000000088100000, 0x0000000088100000|100%| S|CS|TAMS 0x0000000088000000, 0x0000000088000000| Complete 
|  89|0x0000000088100000, 0x0000000088200000, 0x0000000088200000|100%| S|CS|TAMS 0x0000000088100000, 0x0000000088100000| Complete 
|  90|0x0000000088200000, 0x0000000088300000, 0x0000000088300000|100%| S|CS|TAMS 0x0000000088200000, 0x0000000088200000| Complete 
|  91|0x0000000088300000, 0x0000000088400000, 0x0000000088400000|100%| S|CS|TAMS 0x0000000088300000, 0x0000000088300000| Complete 
|  92|0x0000000088400000, 0x0000000088500000, 0x0000000088500000|100%| S|CS|TAMS 0x0000000088400000, 0x0000000088400000| Complete 
|  93|0x0000000088500000, 0x0000000088600000, 0x0000000088600000|100%| S|CS|TAMS 0x0000000088500000, 0x0000000088500000| Complete 
|  94|0x0000000088600000, 0x0000000088700000, 0x0000000088700000|100%| S|CS|TAMS 0x0000000088600000, 0x0000000088600000| Complete 
|  95|0x0000000088700000, 0x0000000088700000, 0x0000000088800000|  0%| F|  |TAMS 0x0000000088700000, 0x0000000088700000| Untracked 
|  96|0x0000000088800000, 0x0000000088800000, 0x0000000088900000|  0%| F|  |TAMS 0x0000000088800000, 0x0000000088800000| Untracked 
|  97|0x0000000088900000, 0x0000000088900000, 0x0000000088a00000|  0%| F|  |TAMS 0x0000000088900000, 0x0000000088900000| Untracked 
|  98|0x0000000088a00000, 0x0000000088a00000, 0x0000000088b00000|  0%| F|  |TAMS 0x0000000088a00000, 0x0000000088a00000| Untracked 
|  99|0x0000000088b00000, 0x0000000088be1a58, 0x0000000088c00000| 88%| E|  |TAMS 0x0000000088b00000, 0x0000000088b00000| Complete 
| 100|0x0000000088c00000, 0x0000000088d00000, 0x0000000088d00000|100%| E|CS|TAMS 0x0000000088c00000, 0x0000000088c00000| Complete 
| 101|0x0000000088d00000, 0x0000000088e00000, 0x0000000088e00000|100%| E|  |TAMS 0x0000000088d00000, 0x0000000088d00000| Complete 
| 102|0x0000000088e00000, 0x0000000088f00000, 0x0000000088f00000|100%| E|CS|TAMS 0x0000000088e00000, 0x0000000088e00000| Complete 
| 103|0x0000000088f00000, 0x0000000089000000, 0x0000000089000000|100%| E|CS|TAMS 0x0000000088f00000, 0x0000000088f00000| Complete 
| 104|0x0000000089000000, 0x0000000089100000, 0x0000000089100000|100%| E|CS|TAMS 0x0000000089000000, 0x0000000089000000| Complete 
| 105|0x0000000089100000, 0x0000000089200000, 0x0000000089200000|100%| E|CS|TAMS 0x0000000089100000, 0x0000000089100000| Complete 
| 106|0x0000000089200000, 0x0000000089300000, 0x0000000089300000|100%| E|CS|TAMS 0x0000000089200000, 0x0000000089200000| Complete 
| 107|0x0000000089300000, 0x0000000089400000, 0x0000000089400000|100%| E|CS|TAMS 0x0000000089300000, 0x0000000089300000| Complete 
| 108|0x0000000089400000, 0x0000000089500000, 0x0000000089500000|100%| E|CS|TAMS 0x0000000089400000, 0x0000000089400000| Complete 
| 109|0x0000000089500000, 0x0000000089600000, 0x0000000089600000|100%| E|CS|TAMS 0x0000000089500000, 0x0000000089500000| Complete 
| 110|0x0000000089600000, 0x0000000089700000, 0x0000000089700000|100%| E|CS|TAMS 0x0000000089600000, 0x0000000089600000| Complete 
| 111|0x0000000089700000, 0x0000000089800000, 0x0000000089800000|100%| E|CS|TAMS 0x0000000089700000, 0x0000000089700000| Complete 
| 112|0x0000000089800000, 0x0000000089900000, 0x0000000089900000|100%| E|CS|TAMS 0x0000000089800000, 0x0000000089800000| Complete 
| 113|0x0000000089900000, 0x0000000089a00000, 0x0000000089a00000|100%| E|CS|TAMS 0x0000000089900000, 0x0000000089900000| Complete 
| 114|0x0000000089a00000, 0x0000000089b00000, 0x0000000089b00000|100%| E|CS|TAMS 0x0000000089a00000, 0x0000000089a00000| Complete 
| 115|0x0000000089b00000, 0x0000000089c00000, 0x0000000089c00000|100%| E|CS|TAMS 0x0000000089b00000, 0x0000000089b00000| Complete 
| 116|0x0000000089c00000, 0x0000000089d00000, 0x0000000089d00000|100%| E|CS|TAMS 0x0000000089c00000, 0x0000000089c00000| Complete 
| 117|0x0000000089d00000, 0x0000000089e00000, 0x0000000089e00000|100%| E|CS|TAMS 0x0000000089d00000, 0x0000000089d00000| Complete 
| 118|0x0000000089e00000, 0x0000000089f00000, 0x0000000089f00000|100%| E|CS|TAMS 0x0000000089e00000, 0x0000000089e00000| Complete 
| 119|0x0000000089f00000, 0x000000008a000000, 0x000000008a000000|100%| E|CS|TAMS 0x0000000089f00000, 0x0000000089f00000| Complete 
| 120|0x000000008a000000, 0x000000008a100000, 0x000000008a100000|100%| E|CS|TAMS 0x000000008a000000, 0x000000008a000000| Complete 
| 121|0x000000008a100000, 0x000000008a200000, 0x000000008a200000|100%| E|CS|TAMS 0x000000008a100000, 0x000000008a100000| Complete 
| 122|0x000000008a200000, 0x000000008a300000, 0x000000008a300000|100%| E|CS|TAMS 0x000000008a200000, 0x000000008a200000| Complete 
| 123|0x000000008a300000, 0x000000008a400000, 0x000000008a400000|100%| E|CS|TAMS 0x000000008a300000, 0x000000008a300000| Complete 
| 124|0x000000008a400000, 0x000000008a500000, 0x000000008a500000|100%| E|CS|TAMS 0x000000008a400000, 0x000000008a400000| Complete 
| 125|0x000000008a500000, 0x000000008a600000, 0x000000008a600000|100%| E|CS|TAMS 0x000000008a500000, 0x000000008a500000| Complete 

Card table byte_map: [0x0000019d68a80000,0x0000019d68e70000] _byte_map_base: 0x0000019d6866c000

Marking Bits (Prev, Next): (CMBitMap*) 0x0000019d4ecf1b90, (CMBitMap*) 0x0000019d4ecf1b58
 Prev Bits: [0x0000019d6b1c0000, 0x0000019d6d120000)
 Next Bits: [0x0000019d69260000, 0x0000019d6b1c0000)

Polling page: 0x0000019d4ed90000

Metaspace:

Usage:
  Non-class:     22.69 MB capacity,    22.14 MB ( 98%) used,   456.94 KB (  2%) free+waste,   102.94 KB ( <1%) overhead. 
      Class:      3.44 MB capacity,     3.09 MB ( 90%) used,   304.24 KB (  9%) free+waste,    52.06 KB (  1%) overhead. 
       Both:     26.13 MB capacity,    25.23 MB ( 97%) used,   761.18 KB (  3%) free+waste,   155.00 KB ( <1%) overhead. 

Virtual space:
  Non-class space:       24.00 MB reserved,      22.92 MB ( 96%) committed 
      Class space:        1.00 GB reserved,       3.50 MB ( <1%) committed 
             Both:        1.02 GB reserved,      26.42 MB (  3%) committed 

Chunk freelists:
   Non-Class:  0 bytes
       Class:  0 bytes
        Both:  0 bytes

MaxMetaspaceSize: 17179869184.00 GB
CompressedClassSpaceSize: 1.00 GB
Initial GC threshold: 20.80 MB
Current GC threshold: 35.08 MB
CDS: off

CodeHeap 'non-profiled nmethods': size=120000Kb used=1502Kb max_used=1502Kb free=118497Kb
 bounds [0x0000019d606f0000, 0x0000019d60960000, 0x0000019d67c20000]
CodeHeap 'profiled nmethods': size=120000Kb used=6267Kb max_used=6267Kb free=113732Kb
 bounds [0x0000019d591c0000, 0x0000019d597e0000, 0x0000019d606f0000]
CodeHeap 'non-nmethods': size=5760Kb used=1446Kb max_used=1496Kb free=4314Kb
 bounds [0x0000019d58c20000, 0x0000019d58e90000, 0x0000019d591c0000]
 total_blobs=3896 nmethods=3105 adapters=702
 compilation: enabled
              stopped_count=0, restarted_count=0
 full_count=0

Compilation events (20 events):
Event: 10.519 Thread 0x0000019d705a6000 nmethod 3097 0x0000019d597d7b90 code [0x0000019d597d7d40, 0x0000019d597d7e58]
Event: 10.520 Thread 0x0000019d705a3800 nmethod 3096 0x0000019d60867310 code [0x0000019d608674a0, 0x0000019d60867518]
Event: 10.534 Thread 0x0000019d705a6000 3098       3       java.nio.CharBuffer::limit (6 bytes)
Event: 10.534 Thread 0x0000019d705a6000 nmethod 3098 0x0000019d597d7f10 code [0x0000019d597d80e0, 0x0000019d597d8288]
Event: 10.534 Thread 0x0000019d705a6000 3099       3       java.nio.CharBuffer::limit (8 bytes)
Event: 10.534 Thread 0x0000019d705a6000 nmethod 3099 0x0000019d597d8390 code [0x0000019d597d8540, 0x0000019d597d8688]
Event: 10.534 Thread 0x0000019d705a6000 3100       3       sun.nio.cs.UTF_8$Encoder::encodeArrayLoop (489 bytes)
Event: 10.539 Thread 0x0000019d705a6000 nmethod 3100 0x0000019d597d8710 code [0x0000019d597d8d00, 0x0000019d597dc268]
Event: 10.539 Thread 0x0000019d705a6000 3102       3       java.io.PrintStream::ensureOpen (18 bytes)
Event: 10.539 Thread 0x0000019d705a6000 nmethod 3102 0x0000019d597dd410 code [0x0000019d597dd5e0, 0x0000019d597dd7e8]
Event: 10.539 Thread 0x0000019d705a6000 3101       3       java.io.Writer::write (11 bytes)
Event: 10.539 Thread 0x0000019d705a6000 nmethod 3101 0x0000019d597dd890 code [0x0000019d597dda60, 0x0000019d597ddd28]
Event: 10.542 Thread 0x0000019d705a6000 3103       3       java.io.BufferedOutputStream::flushBuffer (29 bytes)
Event: 10.542 Thread 0x0000019d705a6000 nmethod 3103 0x0000019d597dde90 code [0x0000019d597de040, 0x0000019d597de268]
Event: 10.542 Thread 0x0000019d705a6000 3104       3       java.io.OutputStream::flush (1 bytes)
Event: 10.542 Thread 0x0000019d705a6000 nmethod 3104 0x0000019d597de310 code [0x0000019d597de4c0, 0x0000019d597de5b8]
Event: 10.542 Thread 0x0000019d705a6000 3105  s    3       java.io.BufferedOutputStream::flush (12 bytes)
Event: 10.542 Thread 0x0000019d705a6000 nmethod 3105 0x0000019d597de690 code [0x0000019d597de860, 0x0000019d597decf8]
Event: 10.543 Thread 0x0000019d705a6000 3106       1       com.sun.prism.d3d.D3DContext::getResourceFactory (5 bytes)
Event: 10.543 Thread 0x0000019d705a6000 nmethod 3106 0x0000019d60867610 code [0x0000019d608677c0, 0x0000019d60867878]

GC Heap History (4 events):
Event: 1.012 GC heap before
{Heap before GC invocations=0 (full 0):
 garbage-first heap   total 129024K, used 23552K [0x0000000082800000, 0x0000000100000000)
  region size 1024K, 24 young (24576K), 0 survivors (0K)
 Metaspace       used 12527K, capacity 12889K, committed 13056K, reserved 1060864K
  class space    used 1278K, capacity 1428K, committed 1536K, reserved 1048576K
}
Event: 1.032 GC heap after
{Heap after GC invocations=1 (full 0):
 garbage-first heap   total 129024K, used 3254K [0x0000000082800000, 0x0000000100000000)
  region size 1024K, 3 young (3072K), 3 survivors (3072K)
 Metaspace       used 12527K, capacity 12889K, committed 13056K, reserved 1060864K
  class space    used 1278K, capacity 1428K, committed 1536K, reserved 1048576K
}
Event: 2.076 GC heap before
{Heap before GC invocations=1 (full 0):
 garbage-first heap   total 129024K, used 33974K [0x0000000082800000, 0x0000000100000000)
  region size 1024K, 31 young (31744K), 3 survivors (3072K)
 Metaspace       used 20610K, capacity 21188K, committed 21296K, reserved 1069056K
  class space    used 2387K, capacity 2633K, committed 2688K, reserved 1048576K
}
Event: 2.085 GC heap after
{Heap after GC invocations=2 (full 0):
 garbage-first heap   total 129024K, used 13248K [0x0000000082800000, 0x0000000100000000)
  region size 1024K, 9 young (9216K), 9 survivors (9216K)
 Metaspace       used 20610K, capacity 21188K, committed 21296K, reserved 1069056K
  class space    used 2387K, capacity 2633K, committed 2688K, reserved 1048576K
}

Deoptimization events (20 events):
Event: 7.109 Thread 0x0000019d70ec1000 Uncommon trap: trap_request=0xffffff4d fr.pc=0x0000019d606fd164 relative=0x0000000000000044
Event: 7.109 Thread 0x0000019d70ec1000 Uncommon trap: reason=unstable_if action=reinterpret pc=0x0000019d606fd164 method=java.lang.CharacterData.of(I)Ljava/lang/CharacterData; @ 4 c2
Event: 7.109 Thread 0x0000019d70ec1000 DEOPT PACKING pc=0x0000019d606fd164 sp=0x0000009ce63f62a0
Event: 7.109 Thread 0x0000019d70ec1000 DEOPT UNPACKING pc=0x0000019d58c6a1af sp=0x0000009ce63f6240 mode 2
Event: 7.329 Thread 0x0000019d70ec1000 Uncommon trap: trap_request=0xffffff4d fr.pc=0x0000019d6075ad30 relative=0x0000000000000370
Event: 7.329 Thread 0x0000019d70ec1000 Uncommon trap: reason=unstable_if action=reinterpret pc=0x0000019d6075ad30 method=java.lang.StringLatin1.canEncode(I)Z @ 4 c2
Event: 7.329 Thread 0x0000019d70ec1000 DEOPT PACKING pc=0x0000019d6075ad30 sp=0x0000009ce63f6c10
Event: 7.329 Thread 0x0000019d70ec1000 DEOPT UNPACKING pc=0x0000019d58c6a1af sp=0x0000009ce63f6ba0 mode 2
Event: 7.329 Thread 0x0000019d70ec1000 Uncommon trap: trap_request=0xffffff4d fr.pc=0x0000019d60732478 relative=0x0000000000000058
Event: 7.329 Thread 0x0000019d70ec1000 Uncommon trap: reason=unstable_if action=reinterpret pc=0x0000019d60732478 method=java.lang.AbstractStringBuilder.isLatin1()Z @ 10 c2
Event: 7.329 Thread 0x0000019d70ec1000 DEOPT PACKING pc=0x0000019d60732478 sp=0x0000009ce63f6c10
Event: 7.329 Thread 0x0000019d70ec1000 DEOPT UNPACKING pc=0x0000019d58c6a1af sp=0x0000009ce63f6ba0 mode 2
Event: 8.207 Thread 0x0000019d71021000 DEOPT PACKING pc=0x0000019d5966d1af sp=0x0000009ce61fe100
Event: 8.207 Thread 0x0000019d71021000 DEOPT UNPACKING pc=0x0000019d58c6a95e sp=0x0000009ce61fd538 mode 0
Event: 8.382 Thread 0x0000019d71021000 Uncommon trap: trap_request=0xffffff4d fr.pc=0x0000019d607808e4 relative=0x0000000000000fa4
Event: 8.382 Thread 0x0000019d71021000 Uncommon trap: reason=unstable_if action=reinterpret pc=0x0000019d607808e4 method=java.util.concurrent.ConcurrentHashMap.putVal(Ljava/lang/Object;Ljava/lang/Object;Z)Ljava/lang/Object; @ 401 c2
Event: 8.382 Thread 0x0000019d71021000 DEOPT PACKING pc=0x0000019d607808e4 sp=0x0000009ce61fe500
Event: 8.382 Thread 0x0000019d71021000 DEOPT UNPACKING pc=0x0000019d58c6a1af sp=0x0000009ce61fe490 mode 2
Event: 8.977 Thread 0x0000019d70ec1000 DEOPT PACKING pc=0x0000019d594061c0 sp=0x0000009ce63f1df0
Event: 8.977 Thread 0x0000019d70ec1000 DEOPT UNPACKING pc=0x0000019d58c6a95e sp=0x0000009ce63f1258 mode 0

Classes redefined (0 events):
No events

Internal exceptions (20 events):
Event: 2.204 Thread 0x0000019d71021000 Exception <a 'java/lang/NoSuchMethodError'{0x000000008a240e20}: 'java.lang.Object java.lang.invoke.DirectMethodHandle$Holder.invokeStaticInit(java.lang.Object, int)'> (0x000000008a240e20) thrown at [s\src\hotspot\share\interpreter\linkResolver.cpp, line 773]
Event: 3.805 Thread 0x0000019d70ec1000 Exception <a 'java/lang/NoSuchMethodError'{0x0000000089d11cf8}: 'long java.lang.invoke.DirectMethodHandle$Holder.invokeStaticInit(java.lang.Object, java.lang.Object, java.lang.Object)'> (0x0000000089d11cf8) thrown at [s\src\hotspot\share\interpreter\linkResolver.cpp, line 773]
Event: 3.809 Thread 0x0000019d70ec1000 Exception <a 'java/lang/NoSuchMethodError'{0x0000000089d2a340}: 'java.lang.Object java.lang.invoke.DirectMethodHandle$Holder.invokeStatic(java.lang.Object, java.lang.Object, long)'> (0x0000000089d2a340) thrown at [s\src\hotspot\share\interpreter\linkResolver.cpp, line 773]
Event: 3.811 Thread 0x0000019d70ec1000 Exception <a 'java/lang/NoSuchMethodError'{0x0000000089d304b8}: 'java.lang.Object java.lang.invoke.Invokers$Holder.linkToTargetMethod(java.lang.Object, long, java.lang.Object)'> (0x0000000089d304b8) thrown at [s\src\hotspot\share\interpreter\linkResolver.cpp, line 773]
Event: 3.886 Thread 0x0000019d70ec1000 Exception <a 'java/lang/ClassNotFoundException'{0x0000000089de1d48}: com/sun/glass/ui/win/themes> (0x0000000089de1d48) thrown at [s\src\hotspot\share\prims\jni.cpp, line 638]
Event: 3.886 Thread 0x0000019d70ec1000 Exception <a 'java/lang/ClassNotFoundException'{0x0000000089de9fe0}: com/sun/glass/ui/win/themes_es> (0x0000000089de9fe0) thrown at [s\src\hotspot\share\prims\jni.cpp, line 638]
Event: 3.886 Thread 0x0000019d70ec1000 Exception <a 'java/lang/ClassNotFoundException'{0x0000000089df33d0}: com/sun/glass/ui/win/themes_es_MX> (0x0000000089df33d0) thrown at [s\src\hotspot\share\prims\jni.cpp, line 638]
Event: 3.947 Thread 0x0000019d70ec1000 Exception <a 'java/lang/NoSuchMethodError'{0x0000000089a516c0}: 'void java.lang.invoke.DirectMethodHandle$Holder.invokeStaticInit(java.lang.Object, java.lang.Object)'> (0x0000000089a516c0) thrown at [s\src\hotspot\share\interpreter\linkResolver.cpp, line 773]
Event: 3.955 Thread 0x0000019d70ec1000 Exception <a 'java/lang/NoSuchMethodError'{0x0000000089a873b8}: 'void java.lang.invoke.DirectMethodHandle$Holder.invokeSpecial(java.lang.Object, java.lang.Object, java.lang.Object, java.lang.Object, java.lang.Object)'> (0x0000000089a873b8) thrown at [s\src\hotspot\share\interpreter\linkResolver.cpp, line 773]
Event: 4.015 Thread 0x0000019d70ec1000 Exception <a 'java/lang/NoSuchMethodError'{0x000000008985a2f8}: 'java.lang.Object java.lang.invoke.DirectMethodHandle$Holder.invokeInterface(java.lang.Object, java.lang.Object, java.lang.Object)'> (0x000000008985a2f8) thrown at [s\src\hotspot\share\interpreter\linkResolver.cpp, line 773]
Event: 4.015 Thread 0x0000019d70ec1000 Exception <a 'java/lang/IncompatibleClassChangeError'{0x000000008985d758}: Found class java.lang.Object, but interface was expected> (0x000000008985d758) thrown at [s\src\hotspot\share\interpreter\linkResolver.cpp, line 839]
Event: 4.046 Thread 0x0000019d70ec1000 Exception <a 'java/lang/ClassNotFoundException'{0x0000000089630718}: com/sun/javafx/scene/control/skin/resources/controls> (0x0000000089630718) thrown at [s\src\hotspot\share\prims\jni.cpp, line 638]
Event: 4.047 Thread 0x0000019d70ec1000 Exception <a 'java/lang/ClassNotFoundException'{0x000000008963e9f0}: com/sun/javafx/scene/control/skin/resources/controls_es> (0x000000008963e9f0) thrown at [s\src\hotspot\share\prims\jni.cpp, line 638]
Event: 4.051 Thread 0x0000019d70ec1000 Exception <a 'java/lang/ClassNotFoundException'{0x000000008964c988}: com/sun/javafx/scene/control/skin/resources/controls_es_MX> (0x000000008964c988) thrown at [s\src\hotspot\share\prims\jni.cpp, line 638]
Event: 4.100 Thread 0x0000019d70ec1000 Exception <a 'java/lang/NoSuchMethodError'{0x00000000895b8a90}: 'void java.lang.invoke.DirectMethodHandle$Holder.invokeSpecial(java.lang.Object, java.lang.Object, java.lang.Object, java.lang.Object, java.lang.Object, java.lang.Object)'> (0x00000000895b8a90) thrown at [s\src\hotspot\share\interpreter\linkResolver.cpp, line 773]
Event: 8.268 Thread 0x0000019d70ec1000 Exception <a 'java/io/FileNotFoundException'{0x000000008904aaf0}> (0x000000008904aaf0) thrown at [s\src\hotspot\share\prims\jni.cpp, line 617]
Event: 8.281 Thread 0x0000019d70ec1000 Exception <a 'java/io/FileNotFoundException'{0x00000000890c6028}> (0x00000000890c6028) thrown at [s\src\hotspot\share\prims\jni.cpp, line 617]
Event: 10.512 Thread 0x0000019d70ec1000 Exception <a 'java/lang/IllegalArgumentException'{0x0000000088ba3028}> (0x0000000088ba3028) thrown at [s\src\hotspot\share\prims\jvm.cpp, line 1310]
Event: 10.533 Thread 0x0000019d70ec1000 Exception <a 'java/lang/IllegalArgumentException'{0x0000000088bb4408}> (0x0000000088bb4408) thrown at [s\src\hotspot\share\prims\jvm.cpp, line 1310]
Event: 10.542 Thread 0x0000019d70ec1000 Exception <a 'java/lang/IllegalArgumentException'{0x0000000088bc0450}> (0x0000000088bc0450) thrown at [s\src\hotspot\share\prims\jvm.cpp, line 1310]

Events (20 events):
Event: 10.482 loading class javafx/application/Application
Event: 10.482 loading class javafx/application/Application done
Event: 10.483 loading class javafx/application/Application
Event: 10.483 loading class javafx/application/Application done
Event: 10.510 loading class com/sun/javafx/tk/quantum/GlassScene
Event: 10.510 loading class com/sun/javafx/tk/quantum/GlassScene done
Event: 10.510 loading class com/sun/javafx/tk/quantum/WindowStage
Event: 10.510 loading class com/sun/javafx/tk/quantum/WindowStage done
Event: 10.510 loading class com/sun/prism/GraphicsResource
Event: 10.510 loading class com/sun/prism/GraphicsResource done
Event: 10.510 loading class com/sun/prism/GraphicsResource
Event: 10.510 loading class com/sun/prism/GraphicsResource done
Event: 10.510 loading class com/sun/javafx/tk/quantum/ViewScene
Event: 10.510 loading class com/sun/javafx/tk/quantum/ViewScene done
Event: 10.511 loading class com/sun/javafx/tk/quantum/WindowStage
Event: 10.511 loading class com/sun/javafx/tk/quantum/WindowStage done
Event: 10.512 loading class java/lang/Throwable$WrappedPrintStream
Event: 10.512 loading class java/lang/Throwable$PrintStreamOrWriter
Event: 10.512 loading class java/lang/Throwable$PrintStreamOrWriter done
Event: 10.512 loading class java/lang/Throwable$WrappedPrintStream done


Dynamic libraries:
0x00007ff639a90000 - 0x00007ff639a9e000 	C:\Users\reygu\.jdks\corretto-11.0.21\bin\java.exe
0x00007ffbdb990000 - 0x00007ffbdbb88000 	C:\Windows\SYSTEM32\ntdll.dll
0x00007ffbda7a0000 - 0x00007ffbda85f000 	C:\Windows\System32\KERNEL32.DLL
0x00007ffbd9070000 - 0x00007ffbd9366000 	C:\Windows\System32\KERNELBASE.dll
0x00007ffbd94d0000 - 0x00007ffbd95d0000 	C:\Windows\System32\ucrtbase.dll
0x00007ffbc4710000 - 0x00007ffbc472b000 	C:\Users\reygu\.jdks\corretto-11.0.21\bin\VCRUNTIME140.dll
0x00007ffbc60b0000 - 0x00007ffbc60c7000 	C:\Users\reygu\.jdks\corretto-11.0.21\bin\jli.dll
0x00007ffbdaf00000 - 0x00007ffbdb09d000 	C:\Windows\System32\USER32.dll
0x00007ffbd9370000 - 0x00007ffbd9392000 	C:\Windows\System32\win32u.dll
0x00007ffbda400000 - 0x00007ffbda42c000 	C:\Windows\System32\GDI32.dll
0x00007ffbc17e0000 - 0x00007ffbc1a7a000 	C:\Windows\WinSxS\amd64_microsoft.windows.common-controls_6595b64144ccf1df_6.0.19041.1110_none_60b5254171f9507e\COMCTL32.dll
0x00007ffbd98d0000 - 0x00007ffbd99e5000 	C:\Windows\System32\gdi32full.dll
0x00007ffbda4c0000 - 0x00007ffbda55e000 	C:\Windows\System32\msvcrt.dll
0x00007ffbd9830000 - 0x00007ffbd98cd000 	C:\Windows\System32\msvcp_win.dll
0x00007ffbda430000 - 0x00007ffbda460000 	C:\Windows\System32\IMM32.DLL
0x00007ffbce360000 - 0x00007ffbce36c000 	C:\Users\reygu\.jdks\corretto-11.0.21\bin\vcruntime140_1.dll
0x00007ffba50c0000 - 0x00007ffba514d000 	C:\Users\reygu\.jdks\corretto-11.0.21\bin\msvcp140.dll
0x00007ffb93530000 - 0x00007ffb940f3000 	C:\Users\reygu\.jdks\corretto-11.0.21\bin\server\jvm.dll
0x00007ffbda2d0000 - 0x00007ffbda37f000 	C:\Windows\System32\ADVAPI32.dll
0x00007ffbda5d0000 - 0x00007ffbda66c000 	C:\Windows\System32\sechost.dll
0x00007ffbda8c0000 - 0x00007ffbda9e6000 	C:\Windows\System32\RPCRT4.dll
0x00007ffbd9c90000 - 0x00007ffbd9c98000 	C:\Windows\System32\PSAPI.DLL
0x00007ffbd0690000 - 0x00007ffbd0699000 	C:\Windows\SYSTEM32\WSOCK32.dll
0x00007ffbda560000 - 0x00007ffbda5cb000 	C:\Windows\System32\WS2_32.dll
0x00007ffbc6480000 - 0x00007ffbc64a7000 	C:\Windows\SYSTEM32\WINMM.dll
0x00007ffbd23b0000 - 0x00007ffbd23ba000 	C:\Windows\SYSTEM32\VERSION.dll
0x00007ffbd78a0000 - 0x00007ffbd78b2000 	C:\Windows\SYSTEM32\kernel.appcore.dll
0x00007ffbcb740000 - 0x00007ffbcb750000 	C:\Users\reygu\.jdks\corretto-11.0.21\bin\verify.dll
0x00007ffbd6e10000 - 0x00007ffbd6ff4000 	C:\Windows\SYSTEM32\DBGHELP.DLL
0x00007ffbc1320000 - 0x00007ffbc1354000 	C:\Windows\SYSTEM32\dbgcore.DLL
0x00007ffbd93a0000 - 0x00007ffbd9422000 	C:\Windows\System32\bcryptPrimitives.dll
0x00007ffbb7dd0000 - 0x00007ffbb7df8000 	C:\Users\reygu\.jdks\corretto-11.0.21\bin\java.dll
0x00007ffbc9ee0000 - 0x00007ffbc9eea000 	C:\Users\reygu\.jdks\corretto-11.0.21\bin\jimage.dll
0x00007ffbd5f80000 - 0x00007ffbd5f8e000 	C:\Users\reygu\.jdks\corretto-11.0.21\bin\instrument.dll
0x00007ffbc3ce0000 - 0x00007ffbc3cf8000 	C:\Users\reygu\.jdks\corretto-11.0.21\bin\zip.dll
0x00007ffbdb0a0000 - 0x00007ffbdb7e4000 	C:\Windows\System32\SHELL32.dll
0x00007ffbd7000000 - 0x00007ffbd7793000 	C:\Windows\SYSTEM32\windows.storage.dll
0x00007ffbdaba0000 - 0x00007ffbdaef4000 	C:\Windows\System32\combase.dll
0x00007ffbd89e0000 - 0x00007ffbd8a0e000 	C:\Windows\SYSTEM32\Wldp.dll
0x00007ffbd9b30000 - 0x00007ffbd9bdd000 	C:\Windows\System32\SHCORE.dll
0x00007ffbd99f0000 - 0x00007ffbd9a45000 	C:\Windows\System32\shlwapi.dll
0x00007ffbd8fa0000 - 0x00007ffbd8fc5000 	C:\Windows\SYSTEM32\profapi.dll
0x00007ffbc0680000 - 0x00007ffbc0699000 	C:\Users\reygu\.jdks\corretto-11.0.21\bin\net.dll
0x00007ffbce7f0000 - 0x00007ffbce8fa000 	C:\Windows\SYSTEM32\WINHTTP.dll
0x00007ffbd8740000 - 0x00007ffbd87aa000 	C:\Windows\system32\mswsock.dll
0x00007ffbbc5d0000 - 0x00007ffbbc5e2000 	C:\Users\reygu\.jdks\corretto-11.0.21\bin\nio.dll
0x00007ffbd4510000 - 0x00007ffbd452a000 	C:\Users\reygu\OneDrive\Escritorio\UNIVERSIDAD POLITECNICA DE CHIAPAS\2DO CUATRIMESTRE\Programacion orientada a objetos\Corte 1\IntelliJ IDEA 2023.3.2\bin\breakgen64.dll
0x0000019d72140000 - 0x0000019d72143000 	C:\Users\reygu\.openjfx\cache\17.0.6\api-ms-win-core-console-l1-1-0.dll
0x0000019d72150000 - 0x0000019d72153000 	C:\Users\reygu\.openjfx\cache\17.0.6\api-ms-win-core-console-l1-2-0.dll
0x0000019d72160000 - 0x0000019d72163000 	C:\Users\reygu\.openjfx\cache\17.0.6\api-ms-win-core-datetime-l1-1-0.dll
0x0000019d72170000 - 0x0000019d72173000 	C:\Users\reygu\.openjfx\cache\17.0.6\api-ms-win-core-debug-l1-1-0.dll
0x0000019d72180000 - 0x0000019d72183000 	C:\Users\reygu\.openjfx\cache\17.0.6\api-ms-win-core-errorhandling-l1-1-0.dll
0x0000019d72190000 - 0x0000019d72194000 	C:\Users\reygu\.openjfx\cache\17.0.6\api-ms-win-core-file-l1-1-0.dll
0x0000019d721a0000 - 0x0000019d721a3000 	C:\Users\reygu\.openjfx\cache\17.0.6\api-ms-win-core-file-l1-2-0.dll
0x0000019d723b0000 - 0x0000019d723b3000 	C:\Users\reygu\.openjfx\cache\17.0.6\api-ms-win-core-file-l2-1-0.dll
0x0000019d723c0000 - 0x0000019d723c3000 	C:\Users\reygu\.openjfx\cache\17.0.6\api-ms-win-core-handle-l1-1-0.dll
0x0000019d723d0000 - 0x0000019d723d3000 	C:\Users\reygu\.openjfx\cache\17.0.6\api-ms-win-core-heap-l1-1-0.dll
0x0000019d723e0000 - 0x0000019d723e3000 	C:\Users\reygu\.openjfx\cache\17.0.6\api-ms-win-core-interlocked-l1-1-0.dll
0x0000019d723f0000 - 0x0000019d723f3000 	C:\Users\reygu\.openjfx\cache\17.0.6\api-ms-win-core-libraryloader-l1-1-0.dll
0x0000019d72400000 - 0x0000019d72403000 	C:\Users\reygu\.openjfx\cache\17.0.6\api-ms-win-core-localization-l1-2-0.dll
0x0000019d72410000 - 0x0000019d72413000 	C:\Users\reygu\.openjfx\cache\17.0.6\api-ms-win-core-memory-l1-1-0.dll
0x0000019d72420000 - 0x0000019d72423000 	C:\Users\reygu\.openjfx\cache\17.0.6\api-ms-win-core-namedpipe-l1-1-0.dll
0x0000019d72430000 - 0x0000019d72433000 	C:\Users\reygu\.openjfx\cache\17.0.6\api-ms-win-core-processenvironment-l1-1-0.dll
0x0000019d72440000 - 0x0000019d72443000 	C:\Users\reygu\.openjfx\cache\17.0.6\api-ms-win-core-processthreads-l1-1-0.dll
0x0000019d72450000 - 0x0000019d72453000 	C:\Users\reygu\.openjfx\cache\17.0.6\api-ms-win-core-processthreads-l1-1-1.dll
0x0000019d72460000 - 0x0000019d72463000 	C:\Users\reygu\.openjfx\cache\17.0.6\api-ms-win-core-profile-l1-1-0.dll
0x0000019d72470000 - 0x0000019d72473000 	C:\Users\reygu\.openjfx\cache\17.0.6\api-ms-win-core-rtlsupport-l1-1-0.dll
0x0000019d72480000 - 0x0000019d72483000 	C:\Users\reygu\.openjfx\cache\17.0.6\api-ms-win-core-string-l1-1-0.dll
0x0000019d72490000 - 0x0000019d72493000 	C:\Users\reygu\.openjfx\cache\17.0.6\api-ms-win-core-synch-l1-1-0.dll
0x0000019d724a0000 - 0x0000019d724a3000 	C:\Users\reygu\.openjfx\cache\17.0.6\api-ms-win-core-synch-l1-2-0.dll
0x0000019d724b0000 - 0x0000019d724b3000 	C:\Users\reygu\.openjfx\cache\17.0.6\api-ms-win-core-sysinfo-l1-1-0.dll
0x0000019d724c0000 - 0x0000019d724c3000 	C:\Users\reygu\.openjfx\cache\17.0.6\api-ms-win-core-timezone-l1-1-0.dll
0x0000019d724d0000 - 0x0000019d724d3000 	C:\Users\reygu\.openjfx\cache\17.0.6\api-ms-win-core-util-l1-1-0.dll
0x0000019d724e0000 - 0x0000019d724e3000 	C:\Users\reygu\.openjfx\cache\17.0.6\api-ms-win-crt-conio-l1-1-0.dll
0x0000019d724f0000 - 0x0000019d724f4000 	C:\Users\reygu\.openjfx\cache\17.0.6\api-ms-win-crt-convert-l1-1-0.dll
0x0000019d72500000 - 0x0000019d72503000 	C:\Users\reygu\.openjfx\cache\17.0.6\api-ms-win-crt-environment-l1-1-0.dll
0x0000019d72510000 - 0x0000019d72513000 	C:\Users\reygu\.openjfx\cache\17.0.6\api-ms-win-crt-filesystem-l1-1-0.dll
0x0000019d72520000 - 0x0000019d72523000 	C:\Users\reygu\.openjfx\cache\17.0.6\api-ms-win-crt-heap-l1-1-0.dll
0x0000019d72530000 - 0x0000019d72533000 	C:\Users\reygu\.openjfx\cache\17.0.6\api-ms-win-crt-locale-l1-1-0.dll
0x0000019d72540000 - 0x0000019d72545000 	C:\Users\reygu\.openjfx\cache\17.0.6\api-ms-win-crt-math-l1-1-0.dll
0x0000019d72550000 - 0x0000019d72555000 	C:\Users\reygu\.openjfx\cache\17.0.6\api-ms-win-crt-multibyte-l1-1-0.dll
0x0000019d72560000 - 0x0000019d72570000 	C:\Users\reygu\.openjfx\cache\17.0.6\api-ms-win-crt-private-l1-1-0.dll
0x0000019d72570000 - 0x0000019d72573000 	C:\Users\reygu\.openjfx\cache\17.0.6\api-ms-win-crt-process-l1-1-0.dll
0x0000019d72580000 - 0x0000019d72584000 	C:\Users\reygu\.openjfx\cache\17.0.6\api-ms-win-crt-runtime-l1-1-0.dll
0x0000019d72590000 - 0x0000019d72594000 	C:\Users\reygu\.openjfx\cache\17.0.6\api-ms-win-crt-stdio-l1-1-0.dll
0x0000019d725a0000 - 0x0000019d725a4000 	C:\Users\reygu\.openjfx\cache\17.0.6\api-ms-win-crt-string-l1-1-0.dll
0x0000019d725b0000 - 0x0000019d725b3000 	C:\Users\reygu\.openjfx\cache\17.0.6\api-ms-win-crt-time-l1-1-0.dll
0x0000019d725c0000 - 0x0000019d725c3000 	C:\Users\reygu\.openjfx\cache\17.0.6\api-ms-win-crt-utility-l1-1-0.dll
0x00007ffb9e120000 - 0x00007ffb9e21c000 	C:\Users\reygu\.openjfx\cache\17.0.6\ucrtbase.dll
0x00007ffbd44e0000 - 0x00007ffbd44fa000 	C:\Users\reygu\.openjfx\cache\17.0.6\vcruntime140.dll
0x00007ffbd44d0000 - 0x00007ffbd44dc000 	C:\Users\reygu\.openjfx\cache\17.0.6\vcruntime140_1.dll
0x00007ffbaa120000 - 0x00007ffbaa1ad000 	C:\Users\reygu\.openjfx\cache\17.0.6\msvcp140.dll
0x00007ffbd44c0000 - 0x00007ffbd44c9000 	C:\Users\reygu\.openjfx\cache\17.0.6\msvcp140_1.dll
0x00007ffbcb760000 - 0x00007ffbcb78f000 	C:\Users\reygu\.openjfx\cache\17.0.6\msvcp140_2.dll
0x00007ffbca110000 - 0x00007ffbca13a000 	C:\Users\reygu\.openjfx\cache\17.0.6\prism_d3d.dll
0x00007ffb9dc80000 - 0x00007ffb9de4d000 	C:\Windows\system32\d3d9.dll
0x00007ffbd6570000 - 0x00007ffbd659f000 	C:\Windows\SYSTEM32\dwmapi.dll
0x00007ffbd61e0000 - 0x00007ffbd627e000 	C:\Windows\system32\uxtheme.dll
0x00007ffb9d1e0000 - 0x00007ffb9d345000 	C:\Windows\System32\DriverStore\FileRepository\iigd_dch.inf_amd64_4b31d9b38e2bb506\igdumdim64.dll
0x00007ffbda110000 - 0x00007ffbda23a000 	C:\Windows\System32\ole32.dll
0x00007ffb73c60000 - 0x00007ffb778eb000 	C:\Windows\System32\DriverStore\FileRepository\iigd_dch.inf_amd64_4b31d9b38e2bb506\igd9dxva64.dll
0x00007ffbdb810000 - 0x00007ffbdb8dd000 	C:\Windows\System32\OLEAUT32.dll
0x00007ffbd9ca0000 - 0x00007ffbda10e000 	C:\Windows\System32\SETUPAPI.dll
0x00007ffbd9730000 - 0x00007ffbd977e000 	C:\Windows\System32\cfgmgr32.dll
0x00007ffbd94a0000 - 0x00007ffbd94c7000 	C:\Windows\System32\bcrypt.dll
0x00007ffbcef70000 - 0x00007ffbcf2a6000 	C:\Windows\System32\DriverStore\FileRepository\iigd_dch.inf_amd64_4b31d9b38e2bb506\igdgmm64.dll
0x00007ffbc9fa0000 - 0x00007ffbc9fe2000 	C:\Users\reygu\.openjfx\cache\17.0.6\glass.dll
0x00007ffbd9a50000 - 0x00007ffbd9b2a000 	C:\Windows\System32\COMDLG32.dll
0x00007ffbda670000 - 0x00007ffbda784000 	C:\Windows\System32\MSCTF.dll
0x00007ffbbbef0000 - 0x00007ffbbbf17000 	C:\Windows\System32\DriverStore\FileRepository\iigd_dch.inf_amd64_4b31d9b38e2bb506\igdinfo64.dll
0x00007ffbd8930000 - 0x00007ffbd8948000 	C:\Windows\SYSTEM32\CRYPTSP.dll
0x00007ffbd8050000 - 0x00007ffbd8084000 	C:\Windows\system32\rsaenh.dll
0x00007ffbd8950000 - 0x00007ffbd895c000 	C:\Windows\SYSTEM32\CRYPTBASE.dll
0x00007ffb905c0000 - 0x00007ffb9334f000 	C:\Windows\System32\DriverStore\FileRepository\iigd_dch.inf_amd64_4b31d9b38e2bb506\igc64.dll
0x00007ffbd4360000 - 0x00007ffbd439b000 	C:\Windows\SYSTEM32\dxcore.dll
0x00007ffbce370000 - 0x00007ffbce384000 	C:\Users\reygu\.openjfx\cache\17.0.6\javafx_font.dll
0x00007ffbc7600000 - 0x00007ffbc787f000 	C:\Windows\SYSTEM32\dwrite.dll
0x00007ffbd9be0000 - 0x00007ffbd9c89000 	C:\Windows\System32\clbcatq.dll
0x00007ffbd1840000 - 0x00007ffbd19f4000 	C:\Windows\SYSTEM32\WindowsCodecs.dll
0x00007ffbca010000 - 0x00007ffbca04e000 	C:\Windows\system32\dataexchange.dll
0x00007ffbd5a60000 - 0x00007ffbd5c43000 	C:\Windows\system32\dcomp.dll
0x00007ffbd4530000 - 0x00007ffbd4793000 	C:\Windows\system32\d3d11.dll
0x00007ffbd7910000 - 0x00007ffbd7a03000 	C:\Windows\system32\dxgi.dll
0x00007ffbd1630000 - 0x00007ffbd1837000 	C:\Windows\system32\twinapi.appcore.dll
0x00007ffbba4e0000 - 0x00007ffbba514000 	C:\Program Files\Common Files\Microsoft Shared\Ink\rtscom.dll
0x00007ffbc9930000 - 0x00007ffbc9a2a000 	C:\Windows\SYSTEM32\textinputframework.dll
0x00007ffbd6050000 - 0x00007ffbd6142000 	C:\Windows\System32\CoreMessaging.dll
0x00007ffbd5660000 - 0x00007ffbd59be000 	C:\Windows\System32\CoreUIComponents.dll

dbghelp: loaded successfully - version: 4.0.5 - missing functions: none
symbol engine: initialized successfully - sym options: 0x614 - pdb path: .;C:\Users\reygu\.jdks\corretto-11.0.21\bin;C:\Windows\SYSTEM32;C:\Windows\WinSxS\amd64_microsoft.windows.common-controls_6595b64144ccf1df_6.0.19041.1110_none_60b5254171f9507e;C:\Users\reygu\.jdks\corretto-11.0.21\bin\server;C:\Users\reygu\OneDrive\Escritorio\UNIVERSIDAD POLITECNICA DE CHIAPAS\2DO CUATRIMESTRE\Programacion orientada a objetos\Corte 1\IntelliJ IDEA 2023.3.2\bin;C:\Users\reygu\.openjfx\cache\17.0.6;C:\Windows\System32\DriverStore\FileRepository\iigd_dch.inf_amd64_4b31d9b38e2bb506;C:\Program Files\Common Files\Microsoft Shared\Ink

VM Arguments:
jvm_args: -javaagent:C:\Users\reygu\OneDrive\Escritorio\UNIVERSIDAD POLITECNICA DE CHIAPAS\2DO CUATRIMESTRE\Programacion orientada a objetos\Corte 1\IntelliJ IDEA 2023.3.2\lib\idea_rt.jar=63838:C:\Users\reygu\OneDrive\Escritorio\UNIVERSIDAD POLITECNICA DE CHIAPAS\2DO CUATRIMESTRE\Programacion orientada a objetos\Corte 1\IntelliJ IDEA 2023.3.2\bin -Dfile.encoding=UTF-8 --module-path=C:\Users\reygu\Downloads\appJavaFx-main\target\classes;C:\Users\reygu\.m2\repository\com\gluonhq\charm-glisten\6.2.3\charm-glisten-6.2.3.jar;C:\Users\reygu\.m2\repository\org\openjfx\javafx-base\17.0.6\javafx-base-17.0.6-win.jar;C:\Users\reygu\.m2\repository\com\gluonhq\attach\lifecycle\4.0.19\lifecycle-4.0.19.jar;C:\Users\reygu\.m2\repository\org\openjfx\javafx-graphics\17.0.6\javafx-graphics-17.0.6-win.jar;C:\Users\reygu\.m2\repository\com\gluonhq\attach\display\4.0.19\display-4.0.19.jar;C:\Users\reygu\.m2\repository\org\openjfx\javafx-fxml\17.0.6\javafx-fxml-17.0.6-win.jar;C:\Users\reygu\.m2\repository\org\openjfx\javafx-controls\17.0.6\javafx-controls-17.0.6-win.jar;C:\Users\reygu\.m2\repository\com\gluonhq\attach\util\4.0.19\util-4.0.19.jar;C:\Users\reygu\.m2\repository\org\kordamp\bootstrapfx\bootstrapfx-core\0.4.0\bootstrapfx-core-0.4.0.jar -Djdk.module.main=com.david.application 
java_command: com.david.application/com.david.application.App
java_class_path (initial): C:\Users\reygu\.m2\repository\org\openjfx\javafx-controls\17.0.6\javafx-controls-17.0.6.jar;C:\Users\reygu\.m2\repository\org\openjfx\javafx-graphics\17.0.6\javafx-graphics-17.0.6.jar;C:\Users\reygu\.m2\repository\org\openjfx\javafx-base\17.0.6\javafx-base-17.0.6.jar;C:\Users\reygu\.m2\repository\org\openjfx\javafx-fxml\17.0.6\javafx-fxml-17.0.6.jar
Launcher Type: SUN_STANDARD

[Global flags]
     intx CICompilerCount                          = 4                                         {product} {ergonomic}
     uint ConcGCThreads                            = 2                                         {product} {ergonomic}
     uint G1ConcRefinementThreads                  = 8                                         {product} {ergonomic}
   size_t G1HeapRegionSize                         = 1048576                                   {product} {ergonomic}
    uintx GCDrainStackTargetSize                   = 64                                        {product} {ergonomic}
   size_t InitialHeapSize                          = 132120576                                 {product} {ergonomic}
   size_t MarkStackSize                            = 4194304                                   {product} {ergonomic}
   size_t MaxHeapSize                              = 2105540608                                {product} {ergonomic}
   size_t MaxNewSize                               = 1262485504                                {product} {ergonomic}
   size_t MinHeapDeltaBytes                        = 1048576                                   {product} {ergonomic}
    uintx NonNMethodCodeHeapSize                   = 5836300                                {pd product} {ergonomic}
    uintx NonProfiledCodeHeapSize                  = 122910970                              {pd product} {ergonomic}
    uintx ProfiledCodeHeapSize                     = 122910970                              {pd product} {ergonomic}
    uintx ReservedCodeCacheSize                    = 251658240                              {pd product} {ergonomic}
     bool SegmentedCodeCache                       = true                                      {product} {ergonomic}
     bool UseCompressedClassPointers               = true                                 {lp64_product} {ergonomic}
     bool UseCompressedOops                        = true                                 {lp64_product} {ergonomic}
     bool UseG1GC                                  = true                                      {product} {ergonomic}
     bool UseLargePagesIndividualAllocation        = false                                  {pd product} {ergonomic}

Logging:
Log output configuration:
 #0: stdout all=warning uptime,level,tags
 #1: stderr all=off uptime,level,tags

Environment Variables:
PATH=C:\Program Files (x86)\Eclipse Adoptium\jdk-11.0.21.9-hotspot\bin;C:\Windows\system32;C:\Windows;C:\Windows\System32\Wbem;C:\Windows\System32\WindowsPowerShell\v1.0\;C:\Windows\System32\OpenSSH\;C:\Program Files\nodejs\;C:\Program Files (x86)\Git\cmd;C:\Users\reygu\AppData\Local\Microsoft\WindowsApps;;C:\Microsoft VS Code\bin;C:\Users\reygu\AppData\Roaming\npm
USERNAME=reygu
OS=Windows_NT
PROCESSOR_IDENTIFIER=Intel64 Family 6 Model 142 Stepping 12, GenuineIntel
TMP=C:\Users\reygu\AppData\Local\Temp
TEMP=C:\Users\reygu\AppData\Local\Temp



---------------  S Y S T E M  ---------------

OS: Windows 10 , 64 bit Build 19041 (10.0.19041.3155)
OS uptime: 1 days 4:35 hours

CPU:total 8 (initial active 8) (4 cores per cpu, 2 threads per core) family 6 model 142 stepping 12 microcode 0xec, cmov, cx8, fxsr, mmx, sse, sse2, sse3, ssse3, sse4.1, sse4.2, popcnt, avx, avx2, aes, clmul, erms, 3dnowpref, lzcnt, ht, tsc, tscinvbit, bmi1, bmi2, adx, fma

Memory: 4k page, system-wide physical 8027M (698M free)
TotalPageFile size 15468M (AvailPageFile size 3336M)
current process WorkingSet (physical memory assigned to process): 246M, peak: 259M
current process commit charge ("private bytes"): 358M, peak: 369M

vm_info: OpenJDK 64-Bit Server VM (11.0.21+9-LTS) for windows-amd64 JRE (11.0.21+9-LTS), built on Oct  9 2023 18:37:11 by "Administrator" with MS VC++ 16.10 / 16.11 (VS2019)

END.
